{"/home/not0si/Documents/Code/Reakit/src/utils/classes/UGlobal/UGlobal.ts": {"path":"/home/not0si/Documents/Code/Reakit/src/utils/classes/UGlobal/UGlobal.ts","statementMap":{"0":{"start":{"line":7,"column":21},"end":{"line":9,"column":3}},"1":{"start":{"line":8,"column":4},"end":{"line":8,"column":null}},"2":{"start":{"line":12,"column":0},"end":{"line":12,"column":null}}},"fnMap":{"0":{"name":"(anonymous_0)","decl":{"start":{"line":7,"column":21},"end":{"line":7,"column":22}},"loc":{"start":{"line":7,"column":49},"end":{"line":9,"column":3}}}},"branchMap":{"0":{"loc":{"start":{"line":8,"column":11},"end":{"line":8,"column":48}},"type":"binary-expr","locations":[{"start":{"line":8,"column":11},"end":{"line":8,"column":25}},{"start":{"line":8,"column":29},"end":{"line":8,"column":48}}]}},"s":{"0":1,"1":6,"2":1},"f":{"0":6},"b":{"0":[6,5]}}
}
